<?xml version="1.0" encoding="UTF-8"?>
<testsuite xmlns:xsi="http://www.w3.org/2001/XMLSchema-instance" xsi:noNamespaceSchemaLocation="https://maven.apache.org/surefire/maven-surefire-plugin/xsd/surefire-test-report-3.0.xsd" version="3.0" name="coderpath.quarkus.ExampleResourceTest" time="16.481" tests="1" errors="0" skipped="0" failures="0">
  <properties>
[...]
</properties>
  <testcase name="testHelloEndpoint" classname="coderpath.quarkus.ExampleResourceTest" time="3.157">
    <system-out><![CDATA[2024-04-16 18:17:30,345 WARN  [io.qua.dep.ste.ReflectiveHierarchyStep] (build-71) Unable to properly register the hierarchy of the following classes for reflection as they are not in the Jandex index:
	- org.hibernate.engine.spi.Status (source: <unknown>)
Consider adding them to the index either by creating a Jandex index for your dependency via the Maven plugin, an empty META-INF/beans.xml or quarkus.index-dependency properties.
2024-04-16 18:17:33,293 INFO  [ListnerBean] (main) The application is starting ...
2024-04-16 18:17:33,505 INFO  [io.quarkus] (main) code-with-quarkus 1.0.0-SNAPSHOT on JVM (powered by Quarkus 3.8.3) started in 11.487s. Listening on: http://localhost:8081
2024-04-16 18:17:33,511 INFO  [io.quarkus] (main) Profile test activated. 
2024-04-16 18:17:33,511 INFO  [io.quarkus] (main) Installed features: [cdi, jdbc-h2, mongodb-client, mongodb-panache, narayana-jta, rest-client-reactive, rest-client-reactive-jackson, resteasy-reactive, resteasy-reactive-jackson, smallrye-context-propagation, smallrye-openapi, swagger-ui, vertx]
]]></system-out>
  </testcase>
</testsuite>